CRITICAL - 2023-01-23 02:16:11 --> Undefined array key 0
in APPPATH\Controllers\Clientes.php on line 75.
 1 APPPATH\Controllers\Clientes.php(75): CodeIgniter\Debug\Exceptions->errorHandler(2, 'Undefined array key 0', 'APPPATH\\Controllers\\Clientes.php', 75)
 2 SYSTEMPATH\CodeIgniter.php(934): App\Controllers\Clientes->crearClientes()
 3 SYSTEMPATH\CodeIgniter.php(499): CodeIgniter\CodeIgniter->runController(Object(App\Controllers\Clientes))
 4 SYSTEMPATH\CodeIgniter.php(368): CodeIgniter\CodeIgniter->handleRequest(null, Object(Config\Cache), false)
 5 FCPATH\index.php(67): CodeIgniter\CodeIgniter->run()
CRITICAL - 2023-01-23 02:16:43 --> Undefined array key 0
in APPPATH\Controllers\Clientes.php on line 75.
 1 APPPATH\Controllers\Clientes.php(75): CodeIgniter\Debug\Exceptions->errorHandler(2, 'Undefined array key 0', 'APPPATH\\Controllers\\Clientes.php', 75)
 2 SYSTEMPATH\CodeIgniter.php(934): App\Controllers\Clientes->crearClientes()
 3 SYSTEMPATH\CodeIgniter.php(499): CodeIgniter\CodeIgniter->runController(Object(App\Controllers\Clientes))
 4 SYSTEMPATH\CodeIgniter.php(368): CodeIgniter\CodeIgniter->handleRequest(null, Object(Config\Cache), false)
 5 FCPATH\index.php(67): CodeIgniter\CodeIgniter->run()
CRITICAL - 2023-01-23 02:20:43 --> Undefined array key 0
in APPPATH\Controllers\Clientes.php on line 77.
 1 APPPATH\Controllers\Clientes.php(77): CodeIgniter\Debug\Exceptions->errorHandler(2, 'Undefined array key 0', 'APPPATH\\Controllers\\Clientes.php', 77)
 2 SYSTEMPATH\CodeIgniter.php(934): App\Controllers\Clientes->crearClientes()
 3 SYSTEMPATH\CodeIgniter.php(499): CodeIgniter\CodeIgniter->runController(Object(App\Controllers\Clientes))
 4 SYSTEMPATH\CodeIgniter.php(368): CodeIgniter\CodeIgniter->handleRequest(null, Object(Config\Cache), false)
 5 FCPATH\index.php(67): CodeIgniter\CodeIgniter->run()
CRITICAL - 2023-01-23 02:43:54 --> "permit_empty" is not a valid rule.
in SYSTEMPATH\Validation\Validation.php on line 320.
 1 SYSTEMPATH\Validation\Validation.php(320): CodeIgniter\Validation\Exceptions\ValidationException::forRuleNotFound('permit_empty')
 2 SYSTEMPATH\Validation\Validation.php(170): CodeIgniter\Validation\Validation->processRules('foto', 'foto', 'undefined', [...], [...])
 3 SYSTEMPATH\Controller.php(140): CodeIgniter\Validation\Validation->run()
 4 APPPATH\Controllers\Clientes.php(73): CodeIgniter\Controller->validate('cliente')
 5 SYSTEMPATH\CodeIgniter.php(934): App\Controllers\Clientes->crearClientes()
 6 SYSTEMPATH\CodeIgniter.php(499): CodeIgniter\CodeIgniter->runController(Object(App\Controllers\Clientes))
 7 SYSTEMPATH\CodeIgniter.php(368): CodeIgniter\CodeIgniter->handleRequest(null, Object(Config\Cache), false)
 8 FCPATH\index.php(67): CodeIgniter\CodeIgniter->run()
CRITICAL - 2023-01-23 02:44:42 --> "permit_empty" is not a valid rule.
in SYSTEMPATH\Validation\Validation.php on line 320.
 1 SYSTEMPATH\Validation\Validation.php(320): CodeIgniter\Validation\Exceptions\ValidationException::forRuleNotFound('permit_empty')
 2 SYSTEMPATH\Validation\Validation.php(170): CodeIgniter\Validation\Validation->processRules('foto', 'foto', 'undefined', [...], [...])
 3 SYSTEMPATH\Controller.php(140): CodeIgniter\Validation\Validation->run()
 4 APPPATH\Controllers\Clientes.php(73): CodeIgniter\Controller->validate('cliente')
 5 SYSTEMPATH\CodeIgniter.php(934): App\Controllers\Clientes->crearClientes()
 6 SYSTEMPATH\CodeIgniter.php(499): CodeIgniter\CodeIgniter->runController(Object(App\Controllers\Clientes))
 7 SYSTEMPATH\CodeIgniter.php(368): CodeIgniter\CodeIgniter->handleRequest(null, Object(Config\Cache), false)
 8 FCPATH\index.php(67): CodeIgniter\CodeIgniter->run()
CRITICAL - 2023-01-23 02:45:05 --> "permit_empty" is not a valid rule.
in SYSTEMPATH\Validation\Validation.php on line 320.
 1 SYSTEMPATH\Validation\Validation.php(320): CodeIgniter\Validation\Exceptions\ValidationException::forRuleNotFound('permit_empty')
 2 SYSTEMPATH\Validation\Validation.php(170): CodeIgniter\Validation\Validation->processRules('foto', 'foto', 'undefined', [...], [...])
 3 SYSTEMPATH\Controller.php(140): CodeIgniter\Validation\Validation->run()
 4 APPPATH\Controllers\Clientes.php(73): CodeIgniter\Controller->validate('cliente')
 5 SYSTEMPATH\CodeIgniter.php(934): App\Controllers\Clientes->crearClientes()
 6 SYSTEMPATH\CodeIgniter.php(499): CodeIgniter\CodeIgniter->runController(Object(App\Controllers\Clientes))
 7 SYSTEMPATH\CodeIgniter.php(368): CodeIgniter\CodeIgniter->handleRequest(null, Object(Config\Cache), false)
 8 FCPATH\index.php(67): CodeIgniter\CodeIgniter->run()
CRITICAL - 2023-01-23 02:49:07 --> "permit_empty" is not a valid rule.
in SYSTEMPATH\Validation\Validation.php on line 320.
 1 SYSTEMPATH\Validation\Validation.php(320): CodeIgniter\Validation\Exceptions\ValidationException::forRuleNotFound('permit_empty')
 2 SYSTEMPATH\Validation\Validation.php(170): CodeIgniter\Validation\Validation->processRules('foto', 'foto', 'undefined', [...], [...])
 3 SYSTEMPATH\Controller.php(140): CodeIgniter\Validation\Validation->run()
 4 APPPATH\Controllers\Clientes.php(73): CodeIgniter\Controller->validate('cliente')
 5 SYSTEMPATH\CodeIgniter.php(934): App\Controllers\Clientes->crearClientes()
 6 SYSTEMPATH\CodeIgniter.php(499): CodeIgniter\CodeIgniter->runController(Object(App\Controllers\Clientes))
 7 SYSTEMPATH\CodeIgniter.php(368): CodeIgniter\CodeIgniter->handleRequest(null, Object(Config\Cache), false)
 8 FCPATH\index.php(67): CodeIgniter\CodeIgniter->run()
CRITICAL - 2023-01-23 02:52:57 --> "permit_empty" is not a valid rule.
in SYSTEMPATH\Validation\Validation.php on line 320.
 1 SYSTEMPATH\Validation\Validation.php(320): CodeIgniter\Validation\Exceptions\ValidationException::forRuleNotFound('permit_empty')
 2 SYSTEMPATH\Validation\Validation.php(170): CodeIgniter\Validation\Validation->processRules('foto', 'foto', 'undefined', [...], [...])
 3 SYSTEMPATH\Controller.php(140): CodeIgniter\Validation\Validation->run()
 4 APPPATH\Controllers\Clientes.php(73): CodeIgniter\Controller->validate('cliente')
 5 SYSTEMPATH\CodeIgniter.php(934): App\Controllers\Clientes->crearClientes()
 6 SYSTEMPATH\CodeIgniter.php(499): CodeIgniter\CodeIgniter->runController(Object(App\Controllers\Clientes))
 7 SYSTEMPATH\CodeIgniter.php(368): CodeIgniter\CodeIgniter->handleRequest(null, Object(Config\Cache), false)
 8 FCPATH\index.php(67): CodeIgniter\CodeIgniter->run()
ERROR - 2023-01-23 06:40:00 --> mysqli_sql_exception: You have an error in your SQL syntax; check the manual that corresponds to your MariaDB server version for the right syntax to use near '
        1)' at line 15 in C:\xampp\htdocs\silvia\system\Database\MySQLi\Connection.php:295
Stack trace:
#0 C:\xampp\htdocs\silvia\system\Database\MySQLi\Connection.php(295): mysqli->query('INSERT INTO per...', 0)
#1 C:\xampp\htdocs\silvia\system\Database\BaseConnection.php(691): CodeIgniter\Database\MySQLi\Connection->execute('INSERT INTO per...')
#2 C:\xampp\htdocs\silvia\system\Database\BaseConnection.php(605): CodeIgniter\Database\BaseConnection->simpleQuery('INSERT INTO per...')
#3 C:\xampp\htdocs\silvia\app\Models\Cliente_model.php(43): CodeIgniter\Database\BaseConnection->query('INSERT INTO per...')
#4 C:\xampp\htdocs\silvia\app\Controllers\Clientes.php(118): App\Models\Cliente_model->crearCliente('', 'anonimo', '', '', 'H', '', '', '', '', '', '', '', '1')
#5 C:\xampp\htdocs\silvia\system\CodeIgniter.php(934): App\Controllers\Clientes->crearClientes()
#6 C:\xampp\htdocs\silvia\system\CodeIgniter.php(499): CodeIgniter\CodeIgniter->runController(Object(App\Controllers\Clientes))
#7 C:\xampp\htdocs\silvia\system\CodeIgniter.php(368): CodeIgniter\CodeIgniter->handleRequest(NULL, Object(Config\Cache), false)
#8 C:\xampp\htdocs\silvia\index.php(67): CodeIgniter\CodeIgniter->run()
#9 {main}
ERROR - 2023-01-23 06:40:00 --> mysqli_sql_exception: Cannot add or update a child row: a foreign key constraint fails (`silvia`.`cliente`, CONSTRAINT `categoria_persona` FOREIGN KEY (`fidPersona`) REFERENCES `persona` (`idPersona`) ON UPDATE CASCADE) in C:\xampp\htdocs\silvia\system\Database\MySQLi\Connection.php:295
Stack trace:
#0 C:\xampp\htdocs\silvia\system\Database\MySQLi\Connection.php(295): mysqli->query(' INSERT INTO cl...', 0)
#1 C:\xampp\htdocs\silvia\system\Database\BaseConnection.php(691): CodeIgniter\Database\MySQLi\Connection->execute(' INSERT INTO cl...')
#2 C:\xampp\htdocs\silvia\system\Database\BaseConnection.php(605): CodeIgniter\Database\BaseConnection->simpleQuery(' INSERT INTO cl...')
#3 C:\xampp\htdocs\silvia\app\Models\Cliente_model.php(53): CodeIgniter\Database\BaseConnection->query(' INSERT INTO cl...')
#4 C:\xampp\htdocs\silvia\app\Controllers\Clientes.php(118): App\Models\Cliente_model->crearCliente('', 'anonimo', '', '', 'H', '', '', '', '', '', '', '', '1')
#5 C:\xampp\htdocs\silvia\system\CodeIgniter.php(934): App\Controllers\Clientes->crearClientes()
#6 C:\xampp\htdocs\silvia\system\CodeIgniter.php(499): CodeIgniter\CodeIgniter->runController(Object(App\Controllers\Clientes))
#7 C:\xampp\htdocs\silvia\system\CodeIgniter.php(368): CodeIgniter\CodeIgniter->handleRequest(NULL, Object(Config\Cache), false)
#8 C:\xampp\htdocs\silvia\index.php(67): CodeIgniter\CodeIgniter->run()
#9 {main}
ERROR - 2023-01-23 06:41:00 --> mysqli_sql_exception: You have an error in your SQL syntax; check the manual that corresponds to your MariaDB server version for the right syntax to use near '
        1)' at line 15 in C:\xampp\htdocs\silvia\system\Database\MySQLi\Connection.php:295
Stack trace:
#0 C:\xampp\htdocs\silvia\system\Database\MySQLi\Connection.php(295): mysqli->query('INSERT INTO per...', 0)
#1 C:\xampp\htdocs\silvia\system\Database\BaseConnection.php(691): CodeIgniter\Database\MySQLi\Connection->execute('INSERT INTO per...')
#2 C:\xampp\htdocs\silvia\system\Database\BaseConnection.php(605): CodeIgniter\Database\BaseConnection->simpleQuery('INSERT INTO per...')
#3 C:\xampp\htdocs\silvia\app\Models\Cliente_model.php(43): CodeIgniter\Database\BaseConnection->query('INSERT INTO per...')
#4 C:\xampp\htdocs\silvia\app\Controllers\Clientes.php(118): App\Models\Cliente_model->crearCliente('', 'anonimo', '', '', 'H', '', '', '', '', '', '', '', '1')
#5 C:\xampp\htdocs\silvia\system\CodeIgniter.php(934): App\Controllers\Clientes->crearClientes()
#6 C:\xampp\htdocs\silvia\system\CodeIgniter.php(499): CodeIgniter\CodeIgniter->runController(Object(App\Controllers\Clientes))
#7 C:\xampp\htdocs\silvia\system\CodeIgniter.php(368): CodeIgniter\CodeIgniter->handleRequest(NULL, Object(Config\Cache), false)
#8 C:\xampp\htdocs\silvia\index.php(67): CodeIgniter\CodeIgniter->run()
#9 {main}
ERROR - 2023-01-23 06:41:00 --> mysqli_sql_exception: Cannot add or update a child row: a foreign key constraint fails (`silvia`.`cliente`, CONSTRAINT `categoria_persona` FOREIGN KEY (`fidPersona`) REFERENCES `persona` (`idPersona`) ON UPDATE CASCADE) in C:\xampp\htdocs\silvia\system\Database\MySQLi\Connection.php:295
Stack trace:
#0 C:\xampp\htdocs\silvia\system\Database\MySQLi\Connection.php(295): mysqli->query(' INSERT INTO cl...', 0)
#1 C:\xampp\htdocs\silvia\system\Database\BaseConnection.php(691): CodeIgniter\Database\MySQLi\Connection->execute(' INSERT INTO cl...')
#2 C:\xampp\htdocs\silvia\system\Database\BaseConnection.php(605): CodeIgniter\Database\BaseConnection->simpleQuery(' INSERT INTO cl...')
#3 C:\xampp\htdocs\silvia\app\Models\Cliente_model.php(53): CodeIgniter\Database\BaseConnection->query(' INSERT INTO cl...')
#4 C:\xampp\htdocs\silvia\app\Controllers\Clientes.php(118): App\Models\Cliente_model->crearCliente('', 'anonimo', '', '', 'H', '', '', '', '', '', '', '', '1')
#5 C:\xampp\htdocs\silvia\system\CodeIgniter.php(934): App\Controllers\Clientes->crearClientes()
#6 C:\xampp\htdocs\silvia\system\CodeIgniter.php(499): CodeIgniter\CodeIgniter->runController(Object(App\Controllers\Clientes))
#7 C:\xampp\htdocs\silvia\system\CodeIgniter.php(368): CodeIgniter\CodeIgniter->handleRequest(NULL, Object(Config\Cache), false)
#8 C:\xampp\htdocs\silvia\index.php(67): CodeIgniter\CodeIgniter->run()
#9 {main}
ERROR - 2023-01-23 06:41:19 --> mysqli_sql_exception: You have an error in your SQL syntax; check the manual that corresponds to your MariaDB server version for the right syntax to use near '
        1)' at line 15 in C:\xampp\htdocs\silvia\system\Database\MySQLi\Connection.php:295
Stack trace:
#0 C:\xampp\htdocs\silvia\system\Database\MySQLi\Connection.php(295): mysqli->query('INSERT INTO per...', 0)
#1 C:\xampp\htdocs\silvia\system\Database\BaseConnection.php(691): CodeIgniter\Database\MySQLi\Connection->execute('INSERT INTO per...')
#2 C:\xampp\htdocs\silvia\system\Database\BaseConnection.php(605): CodeIgniter\Database\BaseConnection->simpleQuery('INSERT INTO per...')
#3 C:\xampp\htdocs\silvia\app\Models\Cliente_model.php(43): CodeIgniter\Database\BaseConnection->query('INSERT INTO per...')
#4 C:\xampp\htdocs\silvia\app\Controllers\Clientes.php(118): App\Models\Cliente_model->crearCliente('', 'anonimo', '', '', 'H', '', '', '', '', '', '', '', '1')
#5 C:\xampp\htdocs\silvia\system\CodeIgniter.php(934): App\Controllers\Clientes->crearClientes()
#6 C:\xampp\htdocs\silvia\system\CodeIgniter.php(499): CodeIgniter\CodeIgniter->runController(Object(App\Controllers\Clientes))
#7 C:\xampp\htdocs\silvia\system\CodeIgniter.php(368): CodeIgniter\CodeIgniter->handleRequest(NULL, Object(Config\Cache), false)
#8 C:\xampp\htdocs\silvia\index.php(67): CodeIgniter\CodeIgniter->run()
#9 {main}
ERROR - 2023-01-23 06:41:19 --> mysqli_sql_exception: Cannot add or update a child row: a foreign key constraint fails (`silvia`.`cliente`, CONSTRAINT `categoria_persona` FOREIGN KEY (`fidPersona`) REFERENCES `persona` (`idPersona`) ON UPDATE CASCADE) in C:\xampp\htdocs\silvia\system\Database\MySQLi\Connection.php:295
Stack trace:
#0 C:\xampp\htdocs\silvia\system\Database\MySQLi\Connection.php(295): mysqli->query(' INSERT INTO cl...', 0)
#1 C:\xampp\htdocs\silvia\system\Database\BaseConnection.php(691): CodeIgniter\Database\MySQLi\Connection->execute(' INSERT INTO cl...')
#2 C:\xampp\htdocs\silvia\system\Database\BaseConnection.php(605): CodeIgniter\Database\BaseConnection->simpleQuery(' INSERT INTO cl...')
#3 C:\xampp\htdocs\silvia\app\Models\Cliente_model.php(53): CodeIgniter\Database\BaseConnection->query(' INSERT INTO cl...')
#4 C:\xampp\htdocs\silvia\app\Controllers\Clientes.php(118): App\Models\Cliente_model->crearCliente('', 'anonimo', '', '', 'H', '', '', '', '', '', '', '', '1')
#5 C:\xampp\htdocs\silvia\system\CodeIgniter.php(934): App\Controllers\Clientes->crearClientes()
#6 C:\xampp\htdocs\silvia\system\CodeIgniter.php(499): CodeIgniter\CodeIgniter->runController(Object(App\Controllers\Clientes))
#7 C:\xampp\htdocs\silvia\system\CodeIgniter.php(368): CodeIgniter\CodeIgniter->handleRequest(NULL, Object(Config\Cache), false)
#8 C:\xampp\htdocs\silvia\index.php(67): CodeIgniter\CodeIgniter->run()
#9 {main}
ERROR - 2023-01-23 06:42:26 --> mysqli_sql_exception: You have an error in your SQL syntax; check the manual that corresponds to your MariaDB server version for the right syntax to use near '
        1)' at line 15 in C:\xampp\htdocs\silvia\system\Database\MySQLi\Connection.php:295
Stack trace:
#0 C:\xampp\htdocs\silvia\system\Database\MySQLi\Connection.php(295): mysqli->query('INSERT INTO per...', 0)
#1 C:\xampp\htdocs\silvia\system\Database\BaseConnection.php(691): CodeIgniter\Database\MySQLi\Connection->execute('INSERT INTO per...')
#2 C:\xampp\htdocs\silvia\system\Database\BaseConnection.php(605): CodeIgniter\Database\BaseConnection->simpleQuery('INSERT INTO per...')
#3 C:\xampp\htdocs\silvia\app\Models\Cliente_model.php(43): CodeIgniter\Database\BaseConnection->query('INSERT INTO per...')
#4 C:\xampp\htdocs\silvia\app\Controllers\Clientes.php(118): App\Models\Cliente_model->crearCliente('', 'anonimo', '', '', 'H', '', '', '', '', '', '', '', '1')
#5 C:\xampp\htdocs\silvia\system\CodeIgniter.php(934): App\Controllers\Clientes->crearClientes()
#6 C:\xampp\htdocs\silvia\system\CodeIgniter.php(499): CodeIgniter\CodeIgniter->runController(Object(App\Controllers\Clientes))
#7 C:\xampp\htdocs\silvia\system\CodeIgniter.php(368): CodeIgniter\CodeIgniter->handleRequest(NULL, Object(Config\Cache), false)
#8 C:\xampp\htdocs\silvia\index.php(67): CodeIgniter\CodeIgniter->run()
#9 {main}
ERROR - 2023-01-23 06:42:26 --> mysqli_sql_exception: Cannot add or update a child row: a foreign key constraint fails (`silvia`.`cliente`, CONSTRAINT `categoria_persona` FOREIGN KEY (`fidPersona`) REFERENCES `persona` (`idPersona`) ON UPDATE CASCADE) in C:\xampp\htdocs\silvia\system\Database\MySQLi\Connection.php:295
Stack trace:
#0 C:\xampp\htdocs\silvia\system\Database\MySQLi\Connection.php(295): mysqli->query(' INSERT INTO cl...', 0)
#1 C:\xampp\htdocs\silvia\system\Database\BaseConnection.php(691): CodeIgniter\Database\MySQLi\Connection->execute(' INSERT INTO cl...')
#2 C:\xampp\htdocs\silvia\system\Database\BaseConnection.php(605): CodeIgniter\Database\BaseConnection->simpleQuery(' INSERT INTO cl...')
#3 C:\xampp\htdocs\silvia\app\Models\Cliente_model.php(53): CodeIgniter\Database\BaseConnection->query(' INSERT INTO cl...')
#4 C:\xampp\htdocs\silvia\app\Controllers\Clientes.php(118): App\Models\Cliente_model->crearCliente('', 'anonimo', '', '', 'H', '', '', '', '', '', '', '', '1')
#5 C:\xampp\htdocs\silvia\system\CodeIgniter.php(934): App\Controllers\Clientes->crearClientes()
#6 C:\xampp\htdocs\silvia\system\CodeIgniter.php(499): CodeIgniter\CodeIgniter->runController(Object(App\Controllers\Clientes))
#7 C:\xampp\htdocs\silvia\system\CodeIgniter.php(368): CodeIgniter\CodeIgniter->handleRequest(NULL, Object(Config\Cache), false)
#8 C:\xampp\htdocs\silvia\index.php(67): CodeIgniter\CodeIgniter->run()
#9 {main}
ERROR - 2023-01-23 06:42:59 --> mysqli_sql_exception: You have an error in your SQL syntax; check the manual that corresponds to your MariaDB server version for the right syntax to use near '
        1)' at line 15 in C:\xampp\htdocs\silvia\system\Database\MySQLi\Connection.php:295
Stack trace:
#0 C:\xampp\htdocs\silvia\system\Database\MySQLi\Connection.php(295): mysqli->query('INSERT INTO per...', 0)
#1 C:\xampp\htdocs\silvia\system\Database\BaseConnection.php(691): CodeIgniter\Database\MySQLi\Connection->execute('INSERT INTO per...')
#2 C:\xampp\htdocs\silvia\system\Database\BaseConnection.php(605): CodeIgniter\Database\BaseConnection->simpleQuery('INSERT INTO per...')
#3 C:\xampp\htdocs\silvia\app\Models\Cliente_model.php(43): CodeIgniter\Database\BaseConnection->query('INSERT INTO per...')
#4 C:\xampp\htdocs\silvia\app\Controllers\Clientes.php(118): App\Models\Cliente_model->crearCliente('', 'anonimo', '', '', 'M', '', '', '', '', '', '', '', '1')
#5 C:\xampp\htdocs\silvia\system\CodeIgniter.php(934): App\Controllers\Clientes->crearClientes()
#6 C:\xampp\htdocs\silvia\system\CodeIgniter.php(499): CodeIgniter\CodeIgniter->runController(Object(App\Controllers\Clientes))
#7 C:\xampp\htdocs\silvia\system\CodeIgniter.php(368): CodeIgniter\CodeIgniter->handleRequest(NULL, Object(Config\Cache), false)
#8 C:\xampp\htdocs\silvia\index.php(67): CodeIgniter\CodeIgniter->run()
#9 {main}
ERROR - 2023-01-23 06:42:59 --> mysqli_sql_exception: Cannot add or update a child row: a foreign key constraint fails (`silvia`.`cliente`, CONSTRAINT `categoria_persona` FOREIGN KEY (`fidPersona`) REFERENCES `persona` (`idPersona`) ON UPDATE CASCADE) in C:\xampp\htdocs\silvia\system\Database\MySQLi\Connection.php:295
Stack trace:
#0 C:\xampp\htdocs\silvia\system\Database\MySQLi\Connection.php(295): mysqli->query(' INSERT INTO cl...', 0)
#1 C:\xampp\htdocs\silvia\system\Database\BaseConnection.php(691): CodeIgniter\Database\MySQLi\Connection->execute(' INSERT INTO cl...')
#2 C:\xampp\htdocs\silvia\system\Database\BaseConnection.php(605): CodeIgniter\Database\BaseConnection->simpleQuery(' INSERT INTO cl...')
#3 C:\xampp\htdocs\silvia\app\Models\Cliente_model.php(53): CodeIgniter\Database\BaseConnection->query(' INSERT INTO cl...')
#4 C:\xampp\htdocs\silvia\app\Controllers\Clientes.php(118): App\Models\Cliente_model->crearCliente('', 'anonimo', '', '', 'M', '', '', '', '', '', '', '', '1')
#5 C:\xampp\htdocs\silvia\system\CodeIgniter.php(934): App\Controllers\Clientes->crearClientes()
#6 C:\xampp\htdocs\silvia\system\CodeIgniter.php(499): CodeIgniter\CodeIgniter->runController(Object(App\Controllers\Clientes))
#7 C:\xampp\htdocs\silvia\system\CodeIgniter.php(368): CodeIgniter\CodeIgniter->handleRequest(NULL, Object(Config\Cache), false)
#8 C:\xampp\htdocs\silvia\index.php(67): CodeIgniter\CodeIgniter->run()
#9 {main}
ERROR - 2023-01-23 06:53:21 --> mysqli_sql_exception: You have an error in your SQL syntax; check the manual that corresponds to your MariaDB server version for the right syntax to use near '
        1)' at line 15 in C:\xampp\htdocs\silvia\system\Database\MySQLi\Connection.php:295
Stack trace:
#0 C:\xampp\htdocs\silvia\system\Database\MySQLi\Connection.php(295): mysqli->query('INSERT INTO per...', 0)
#1 C:\xampp\htdocs\silvia\system\Database\BaseConnection.php(691): CodeIgniter\Database\MySQLi\Connection->execute('INSERT INTO per...')
#2 C:\xampp\htdocs\silvia\system\Database\BaseConnection.php(605): CodeIgniter\Database\BaseConnection->simpleQuery('INSERT INTO per...')
#3 C:\xampp\htdocs\silvia\app\Models\Cliente_model.php(44): CodeIgniter\Database\BaseConnection->query('INSERT INTO per...')
#4 C:\xampp\htdocs\silvia\app\Controllers\Clientes.php(122): App\Models\Cliente_model->crearCliente('', 'anonimo', '', '', 'H', '', '', '', '', '', '', '', '1')
#5 C:\xampp\htdocs\silvia\system\CodeIgniter.php(934): App\Controllers\Clientes->crearClientes()
#6 C:\xampp\htdocs\silvia\system\CodeIgniter.php(499): CodeIgniter\CodeIgniter->runController(Object(App\Controllers\Clientes))
#7 C:\xampp\htdocs\silvia\system\CodeIgniter.php(368): CodeIgniter\CodeIgniter->handleRequest(NULL, Object(Config\Cache), false)
#8 C:\xampp\htdocs\silvia\index.php(67): CodeIgniter\CodeIgniter->run()
#9 {main}
ERROR - 2023-01-23 06:53:21 --> mysqli_sql_exception: Cannot add or update a child row: a foreign key constraint fails (`silvia`.`cliente`, CONSTRAINT `categoria_persona` FOREIGN KEY (`fidPersona`) REFERENCES `persona` (`idPersona`) ON UPDATE CASCADE) in C:\xampp\htdocs\silvia\system\Database\MySQLi\Connection.php:295
Stack trace:
#0 C:\xampp\htdocs\silvia\system\Database\MySQLi\Connection.php(295): mysqli->query(' INSERT INTO cl...', 0)
#1 C:\xampp\htdocs\silvia\system\Database\BaseConnection.php(691): CodeIgniter\Database\MySQLi\Connection->execute(' INSERT INTO cl...')
#2 C:\xampp\htdocs\silvia\system\Database\BaseConnection.php(605): CodeIgniter\Database\BaseConnection->simpleQuery(' INSERT INTO cl...')
#3 C:\xampp\htdocs\silvia\app\Models\Cliente_model.php(54): CodeIgniter\Database\BaseConnection->query(' INSERT INTO cl...')
#4 C:\xampp\htdocs\silvia\app\Controllers\Clientes.php(122): App\Models\Cliente_model->crearCliente('', 'anonimo', '', '', 'H', '', '', '', '', '', '', '', '1')
#5 C:\xampp\htdocs\silvia\system\CodeIgniter.php(934): App\Controllers\Clientes->crearClientes()
#6 C:\xampp\htdocs\silvia\system\CodeIgniter.php(499): CodeIgniter\CodeIgniter->runController(Object(App\Controllers\Clientes))
#7 C:\xampp\htdocs\silvia\system\CodeIgniter.php(368): CodeIgniter\CodeIgniter->handleRequest(NULL, Object(Config\Cache), false)
#8 C:\xampp\htdocs\silvia\index.php(67): CodeIgniter\CodeIgniter->run()
#9 {main}
ERROR - 2023-01-23 18:00:09 --> mysqli_sql_exception: You have an error in your SQL syntax; check the manual that corresponds to your MariaDB server version for the right syntax to use near '' at line 13 in C:\xampp\htdocs\silvia\system\Database\MySQLi\Connection.php:295
Stack trace:
#0 C:\xampp\htdocs\silvia\system\Database\MySQLi\Connection.php(295): mysqli->query('SELECT \r\n      ...', 0)
#1 C:\xampp\htdocs\silvia\system\Database\BaseConnection.php(691): CodeIgniter\Database\MySQLi\Connection->execute('SELECT \r\n      ...')
#2 C:\xampp\htdocs\silvia\system\Database\BaseConnection.php(605): CodeIgniter\Database\BaseConnection->simpleQuery('SELECT \r\n      ...')
#3 C:\xampp\htdocs\silvia\app\Models\Cliente_model.php(202): CodeIgniter\Database\BaseConnection->query('SELECT \r\n      ...')
#4 C:\xampp\htdocs\silvia\app\Controllers\Clientes.php(53): App\Models\Cliente_model->buscarClienteId(NULL)
#5 C:\xampp\htdocs\silvia\system\CodeIgniter.php(934): App\Controllers\Clientes->buscarClientesId()
#6 C:\xampp\htdocs\silvia\system\CodeIgniter.php(499): CodeIgniter\CodeIgniter->runController(Object(App\Controllers\Clientes))
#7 C:\xampp\htdocs\silvia\system\CodeIgniter.php(368): CodeIgniter\CodeIgniter->handleRequest(NULL, Object(Config\Cache), false)
#8 C:\xampp\htdocs\silvia\index.php(67): CodeIgniter\CodeIgniter->run()
#9 {main}
CRITICAL - 2023-01-23 18:00:10 --> You have an error in your SQL syntax; check the manual that corresponds to your MariaDB server version for the right syntax to use near '' at line 13
in SYSTEMPATH\Database\BaseConnection.php on line 645.
 1 APPPATH\Models\Cliente_model.php(202): CodeIgniter\Database\BaseConnection->query('SELECT 
        p.idPersona,
        c.idCliente,
        p.nombres,
        p.apellido_paterno,
        p.apellido_materno,
        p.nombre_completo,
        p.sexo,
        p.foto
        from cliente c 
        inner join persona p on c.fidPersona = p.idPersona
        inner join categoria ca on ca.idCategoria = c.fidCategoria
        where c.estado = 1 and p.estado = 1 and c.idcliente = 
        ')
 2 APPPATH\Controllers\Clientes.php(53): App\Models\Cliente_model->buscarClienteId(null)
 3 SYSTEMPATH\CodeIgniter.php(934): App\Controllers\Clientes->buscarClientesId()
 4 SYSTEMPATH\CodeIgniter.php(499): CodeIgniter\CodeIgniter->runController(Object(App\Controllers\Clientes))
 5 SYSTEMPATH\CodeIgniter.php(368): CodeIgniter\CodeIgniter->handleRequest(null, Object(Config\Cache), false)
 6 FCPATH\index.php(67): CodeIgniter\CodeIgniter->run()
ERROR - 2023-01-23 18:01:44 --> mysqli_sql_exception: You have an error in your SQL syntax; check the manual that corresponds to your MariaDB server version for the right syntax to use near '' at line 13 in C:\xampp\htdocs\silvia\system\Database\MySQLi\Connection.php:295
Stack trace:
#0 C:\xampp\htdocs\silvia\system\Database\MySQLi\Connection.php(295): mysqli->query('SELECT \r\n      ...', 0)
#1 C:\xampp\htdocs\silvia\system\Database\BaseConnection.php(691): CodeIgniter\Database\MySQLi\Connection->execute('SELECT \r\n      ...')
#2 C:\xampp\htdocs\silvia\system\Database\BaseConnection.php(605): CodeIgniter\Database\BaseConnection->simpleQuery('SELECT \r\n      ...')
#3 C:\xampp\htdocs\silvia\app\Models\Cliente_model.php(202): CodeIgniter\Database\BaseConnection->query('SELECT \r\n      ...')
#4 C:\xampp\htdocs\silvia\app\Controllers\Clientes.php(53): App\Models\Cliente_model->buscarClienteId(NULL)
#5 C:\xampp\htdocs\silvia\system\CodeIgniter.php(934): App\Controllers\Clientes->buscarClientesId()
#6 C:\xampp\htdocs\silvia\system\CodeIgniter.php(499): CodeIgniter\CodeIgniter->runController(Object(App\Controllers\Clientes))
#7 C:\xampp\htdocs\silvia\system\CodeIgniter.php(368): CodeIgniter\CodeIgniter->handleRequest(NULL, Object(Config\Cache), false)
#8 C:\xampp\htdocs\silvia\index.php(67): CodeIgniter\CodeIgniter->run()
#9 {main}
CRITICAL - 2023-01-23 18:01:44 --> You have an error in your SQL syntax; check the manual that corresponds to your MariaDB server version for the right syntax to use near '' at line 13
in SYSTEMPATH\Database\BaseConnection.php on line 645.
 1 APPPATH\Models\Cliente_model.php(202): CodeIgniter\Database\BaseConnection->query('SELECT 
        p.idPersona,
        c.idCliente,
        p.nombres,
        p.apellido_paterno,
        p.apellido_materno,
        p.nombre_completo,
        p.sexo,
        p.foto
        from cliente c 
        inner join persona p on c.fidPersona = p.idPersona
        inner join categoria ca on ca.idCategoria = c.fidCategoria
        where c.estado = 1 and p.estado = 1 and c.idcliente = 
        ')
 2 APPPATH\Controllers\Clientes.php(53): App\Models\Cliente_model->buscarClienteId(null)
 3 SYSTEMPATH\CodeIgniter.php(934): App\Controllers\Clientes->buscarClientesId()
 4 SYSTEMPATH\CodeIgniter.php(499): CodeIgniter\CodeIgniter->runController(Object(App\Controllers\Clientes))
 5 SYSTEMPATH\CodeIgniter.php(368): CodeIgniter\CodeIgniter->handleRequest(null, Object(Config\Cache), false)
 6 FCPATH\index.php(67): CodeIgniter\CodeIgniter->run()
ERROR - 2023-01-23 18:02:42 --> mysqli_sql_exception: You have an error in your SQL syntax; check the manual that corresponds to your MariaDB server version for the right syntax to use near '' at line 13 in C:\xampp\htdocs\silvia\system\Database\MySQLi\Connection.php:295
Stack trace:
#0 C:\xampp\htdocs\silvia\system\Database\MySQLi\Connection.php(295): mysqli->query('SELECT \r\n      ...', 0)
#1 C:\xampp\htdocs\silvia\system\Database\BaseConnection.php(691): CodeIgniter\Database\MySQLi\Connection->execute('SELECT \r\n      ...')
#2 C:\xampp\htdocs\silvia\system\Database\BaseConnection.php(605): CodeIgniter\Database\BaseConnection->simpleQuery('SELECT \r\n      ...')
#3 C:\xampp\htdocs\silvia\app\Models\Cliente_model.php(202): CodeIgniter\Database\BaseConnection->query('SELECT \r\n      ...')
#4 C:\xampp\htdocs\silvia\app\Controllers\Clientes.php(53): App\Models\Cliente_model->buscarClienteId(NULL)
#5 C:\xampp\htdocs\silvia\system\CodeIgniter.php(934): App\Controllers\Clientes->buscarClientesId()
#6 C:\xampp\htdocs\silvia\system\CodeIgniter.php(499): CodeIgniter\CodeIgniter->runController(Object(App\Controllers\Clientes))
#7 C:\xampp\htdocs\silvia\system\CodeIgniter.php(368): CodeIgniter\CodeIgniter->handleRequest(NULL, Object(Config\Cache), false)
#8 C:\xampp\htdocs\silvia\index.php(67): CodeIgniter\CodeIgniter->run()
#9 {main}
CRITICAL - 2023-01-23 18:02:42 --> You have an error in your SQL syntax; check the manual that corresponds to your MariaDB server version for the right syntax to use near '' at line 13
in SYSTEMPATH\Database\BaseConnection.php on line 645.
 1 APPPATH\Models\Cliente_model.php(202): CodeIgniter\Database\BaseConnection->query('SELECT 
        p.idPersona,
        c.idCliente,
        p.nombres,
        p.apellido_paterno,
        p.apellido_materno,
        p.nombre_completo,
        p.sexo,
        p.foto
        from cliente c 
        inner join persona p on c.fidPersona = p.idPersona
        inner join categoria ca on ca.idCategoria = c.fidCategoria
        where c.estado = 1 and p.estado = 1 and c.idcliente = 
        ')
 2 APPPATH\Controllers\Clientes.php(53): App\Models\Cliente_model->buscarClienteId(null)
 3 SYSTEMPATH\CodeIgniter.php(934): App\Controllers\Clientes->buscarClientesId()
 4 SYSTEMPATH\CodeIgniter.php(499): CodeIgniter\CodeIgniter->runController(Object(App\Controllers\Clientes))
 5 SYSTEMPATH\CodeIgniter.php(368): CodeIgniter\CodeIgniter->handleRequest(null, Object(Config\Cache), false)
 6 FCPATH\index.php(67): CodeIgniter\CodeIgniter->run()
ERROR - 2023-01-23 18:05:30 --> mysqli_sql_exception: You have an error in your SQL syntax; check the manual that corresponds to your MariaDB server version for the right syntax to use near '' at line 13 in C:\xampp\htdocs\silvia\system\Database\MySQLi\Connection.php:295
Stack trace:
#0 C:\xampp\htdocs\silvia\system\Database\MySQLi\Connection.php(295): mysqli->query('SELECT \r\n      ...', 0)
#1 C:\xampp\htdocs\silvia\system\Database\BaseConnection.php(691): CodeIgniter\Database\MySQLi\Connection->execute('SELECT \r\n      ...')
#2 C:\xampp\htdocs\silvia\system\Database\BaseConnection.php(605): CodeIgniter\Database\BaseConnection->simpleQuery('SELECT \r\n      ...')
#3 C:\xampp\htdocs\silvia\app\Models\Cliente_model.php(202): CodeIgniter\Database\BaseConnection->query('SELECT \r\n      ...')
#4 C:\xampp\htdocs\silvia\app\Controllers\Clientes.php(53): App\Models\Cliente_model->buscarClienteId(NULL)
#5 C:\xampp\htdocs\silvia\system\CodeIgniter.php(934): App\Controllers\Clientes->buscarClientesId()
#6 C:\xampp\htdocs\silvia\system\CodeIgniter.php(499): CodeIgniter\CodeIgniter->runController(Object(App\Controllers\Clientes))
#7 C:\xampp\htdocs\silvia\system\CodeIgniter.php(368): CodeIgniter\CodeIgniter->handleRequest(NULL, Object(Config\Cache), false)
#8 C:\xampp\htdocs\silvia\index.php(67): CodeIgniter\CodeIgniter->run()
#9 {main}
CRITICAL - 2023-01-23 18:05:30 --> You have an error in your SQL syntax; check the manual that corresponds to your MariaDB server version for the right syntax to use near '' at line 13
in SYSTEMPATH\Database\BaseConnection.php on line 645.
 1 APPPATH\Models\Cliente_model.php(202): CodeIgniter\Database\BaseConnection->query('SELECT 
        p.idPersona,
        c.idCliente,
        p.nombres,
        p.apellido_paterno,
        p.apellido_materno,
        p.nombre_completo,
        p.sexo,
        p.foto
        from cliente c 
        inner join persona p on c.fidPersona = p.idPersona
        inner join categoria ca on ca.idCategoria = c.fidCategoria
        where c.estado = 1 and p.estado = 1 and c.idcliente = 
        ')
 2 APPPATH\Controllers\Clientes.php(53): App\Models\Cliente_model->buscarClienteId(null)
 3 SYSTEMPATH\CodeIgniter.php(934): App\Controllers\Clientes->buscarClientesId()
 4 SYSTEMPATH\CodeIgniter.php(499): CodeIgniter\CodeIgniter->runController(Object(App\Controllers\Clientes))
 5 SYSTEMPATH\CodeIgniter.php(368): CodeIgniter\CodeIgniter->handleRequest(null, Object(Config\Cache), false)
 6 FCPATH\index.php(67): CodeIgniter\CodeIgniter->run()
