ERROR - 2023-01-21 00:13:33 --> mysqli_sql_exception: You have an error in your SQL syntax; check the manual that corresponds to your MariaDB server version for the right syntax to use near 'where id = 15' at line 1 in C:\xampp\htdocs\silvia\system\Database\MySQLi\Connection.php:295
Stack trace:
#0 C:\xampp\htdocs\silvia\system\Database\MySQLi\Connection.php(295): mysqli->query('SELECT * FROM s...', 0)
#1 C:\xampp\htdocs\silvia\system\Database\BaseConnection.php(691): CodeIgniter\Database\MySQLi\Connection->execute('SELECT * FROM s...')
#2 C:\xampp\htdocs\silvia\system\Database\BaseConnection.php(605): CodeIgniter\Database\BaseConnection->simpleQuery('SELECT * FROM s...')
#3 C:\xampp\htdocs\silvia\app\Models\Servicio_model.php(56): CodeIgniter\Database\BaseConnection->query('SELECT * FROM s...')
#4 C:\xampp\htdocs\silvia\app\Controllers\Servicios.php(45): App\Models\Servicio_model->listarServicioId('15')
#5 C:\xampp\htdocs\silvia\system\CodeIgniter.php(934): App\Controllers\Servicios->listarServicioId()
#6 C:\xampp\htdocs\silvia\system\CodeIgniter.php(499): CodeIgniter\CodeIgniter->runController(Object(App\Controllers\Servicios))
#7 C:\xampp\htdocs\silvia\system\CodeIgniter.php(368): CodeIgniter\CodeIgniter->handleRequest(NULL, Object(Config\Cache), false)
#8 C:\xampp\htdocs\silvia\index.php(67): CodeIgniter\CodeIgniter->run()
#9 {main}
CRITICAL - 2023-01-21 00:13:33 --> You have an error in your SQL syntax; check the manual that corresponds to your MariaDB server version for the right syntax to use near 'where id = 15' at line 1
in SYSTEMPATH\Database\BaseConnection.php on line 645.
 1 APPPATH\Models\Servicio_model.php(56): CodeIgniter\Database\BaseConnection->query('SELECT * FROM servicio where estado = 1 where id = 15')
 2 APPPATH\Controllers\Servicios.php(45): App\Models\Servicio_model->listarServicioId('15')
 3 SYSTEMPATH\CodeIgniter.php(934): App\Controllers\Servicios->listarServicioId()
 4 SYSTEMPATH\CodeIgniter.php(499): CodeIgniter\CodeIgniter->runController(Object(App\Controllers\Servicios))
 5 SYSTEMPATH\CodeIgniter.php(368): CodeIgniter\CodeIgniter->handleRequest(null, Object(Config\Cache), false)
 6 FCPATH\index.php(67): CodeIgniter\CodeIgniter->run()
ERROR - 2023-01-21 00:15:18 --> mysqli_sql_exception: You have an error in your SQL syntax; check the manual that corresponds to your MariaDB server version for the right syntax to use near 'where idServicio = 14' at line 1 in C:\xampp\htdocs\silvia\system\Database\MySQLi\Connection.php:295
Stack trace:
#0 C:\xampp\htdocs\silvia\system\Database\MySQLi\Connection.php(295): mysqli->query('SELECT * FROM s...', 0)
#1 C:\xampp\htdocs\silvia\system\Database\BaseConnection.php(691): CodeIgniter\Database\MySQLi\Connection->execute('SELECT * FROM s...')
#2 C:\xampp\htdocs\silvia\system\Database\BaseConnection.php(605): CodeIgniter\Database\BaseConnection->simpleQuery('SELECT * FROM s...')
#3 C:\xampp\htdocs\silvia\app\Models\Servicio_model.php(56): CodeIgniter\Database\BaseConnection->query('SELECT * FROM s...')
#4 C:\xampp\htdocs\silvia\app\Controllers\Servicios.php(45): App\Models\Servicio_model->listarServicioId('14')
#5 C:\xampp\htdocs\silvia\system\CodeIgniter.php(934): App\Controllers\Servicios->listarServicioId()
#6 C:\xampp\htdocs\silvia\system\CodeIgniter.php(499): CodeIgniter\CodeIgniter->runController(Object(App\Controllers\Servicios))
#7 C:\xampp\htdocs\silvia\system\CodeIgniter.php(368): CodeIgniter\CodeIgniter->handleRequest(NULL, Object(Config\Cache), false)
#8 C:\xampp\htdocs\silvia\index.php(67): CodeIgniter\CodeIgniter->run()
#9 {main}
CRITICAL - 2023-01-21 00:15:18 --> You have an error in your SQL syntax; check the manual that corresponds to your MariaDB server version for the right syntax to use near 'where idServicio = 14' at line 1
in SYSTEMPATH\Database\BaseConnection.php on line 645.
 1 APPPATH\Models\Servicio_model.php(56): CodeIgniter\Database\BaseConnection->query('SELECT * FROM servicio where estado = 1 where idServicio = 14')
 2 APPPATH\Controllers\Servicios.php(45): App\Models\Servicio_model->listarServicioId('14')
 3 SYSTEMPATH\CodeIgniter.php(934): App\Controllers\Servicios->listarServicioId()
 4 SYSTEMPATH\CodeIgniter.php(499): CodeIgniter\CodeIgniter->runController(Object(App\Controllers\Servicios))
 5 SYSTEMPATH\CodeIgniter.php(368): CodeIgniter\CodeIgniter->handleRequest(null, Object(Config\Cache), false)
 6 FCPATH\index.php(67): CodeIgniter\CodeIgniter->run()
CRITICAL - 2023-01-21 02:37:40 --> Call to a member function getResult() on bool
in APPPATH\Models\Servicio_model.php on line 88.
 1 APPPATH\Controllers\Servicios.php(53): App\Models\Servicio_model->eliminarServicioId('19')
 2 SYSTEMPATH\CodeIgniter.php(934): App\Controllers\Servicios->eliminarServicio()
 3 SYSTEMPATH\CodeIgniter.php(499): CodeIgniter\CodeIgniter->runController(Object(App\Controllers\Servicios))
 4 SYSTEMPATH\CodeIgniter.php(368): CodeIgniter\CodeIgniter->handleRequest(null, Object(Config\Cache), false)
 5 FCPATH\index.php(67): CodeIgniter\CodeIgniter->run()
ERROR - 2023-01-21 06:12:36 --> mysqli_sql_exception: You have an error in your SQL syntax; check the manual that corresponds to your MariaDB server version for the right syntax to use near 's',
        detalle = '',
        monto_sugerido = 7.00,
        
       ...' at line 2 in C:\xampp\htdocs\silvia\system\Database\MySQLi\Connection.php:295
Stack trace:
#0 C:\xampp\htdocs\silvia\system\Database\MySQLi\Connection.php(295): mysqli->query('\r\n        UPDAT...', 0)
#1 C:\xampp\htdocs\silvia\system\Database\BaseConnection.php(691): CodeIgniter\Database\MySQLi\Connection->execute('\r\n        UPDAT...')
#2 C:\xampp\htdocs\silvia\system\Database\BaseConnection.php(605): CodeIgniter\Database\BaseConnection->simpleQuery('\r\n        UPDAT...')
#3 C:\xampp\htdocs\silvia\app\Models\Servicio_model.php(45): CodeIgniter\Database\BaseConnection->query('\r\n        UPDAT...')
#4 C:\xampp\htdocs\silvia\app\Controllers\Servicios.php(124): App\Models\Servicio_model->editarServicio('', 'Corte ni\xC3\xB1o's', '', '7.00', '1', '14')
#5 C:\xampp\htdocs\silvia\system\CodeIgniter.php(934): App\Controllers\Servicios->editarServicio()
#6 C:\xampp\htdocs\silvia\system\CodeIgniter.php(499): CodeIgniter\CodeIgniter->runController(Object(App\Controllers\Servicios))
#7 C:\xampp\htdocs\silvia\system\CodeIgniter.php(368): CodeIgniter\CodeIgniter->handleRequest(NULL, Object(Config\Cache), false)
#8 C:\xampp\htdocs\silvia\index.php(67): CodeIgniter\CodeIgniter->run()
#9 {main}
CRITICAL - 2023-01-21 06:12:36 --> You have an error in your SQL syntax; check the manual that corresponds to your MariaDB server version for the right syntax to use near 's',
        detalle = '',
        monto_sugerido = 7.00,
        
       ...' at line 2
in SYSTEMPATH\Database\BaseConnection.php on line 645.
 1 APPPATH\Models\Servicio_model.php(45): CodeIgniter\Database\BaseConnection->query('
        UPDATE servicio
        set descripcion = \'Corte niño\'s\',
        detalle = \'\',
        monto_sugerido = 7.00,
        
        usuario_modifica = 1,
        fecha_modifica = now()
        where idServicio = 14
        ')
 2 APPPATH\Controllers\Servicios.php(124): App\Models\Servicio_model->editarServicio('C:\\xampp\\htdocs\\silvia', 'Corte niño\'s', 'C:\\xampp\\htdocs\\silvia', '7.00', '1', '14')
 3 SYSTEMPATH\CodeIgniter.php(934): App\Controllers\Servicios->editarServicio()
 4 SYSTEMPATH\CodeIgniter.php(499): CodeIgniter\CodeIgniter->runController(Object(App\Controllers\Servicios))
 5 SYSTEMPATH\CodeIgniter.php(368): CodeIgniter\CodeIgniter->handleRequest(null, Object(Config\Cache), false)
 6 FCPATH\index.php(67): CodeIgniter\CodeIgniter->run()
ERROR - 2023-01-21 06:12:46 --> mysqli_sql_exception: You have an error in your SQL syntax; check the manual that corresponds to your MariaDB server version for the right syntax to use near 's',
        detalle = '',
        monto_sugerido = 7.00,
        
       ...' at line 2 in C:\xampp\htdocs\silvia\system\Database\MySQLi\Connection.php:295
Stack trace:
#0 C:\xampp\htdocs\silvia\system\Database\MySQLi\Connection.php(295): mysqli->query('\r\n        UPDAT...', 0)
#1 C:\xampp\htdocs\silvia\system\Database\BaseConnection.php(691): CodeIgniter\Database\MySQLi\Connection->execute('\r\n        UPDAT...')
#2 C:\xampp\htdocs\silvia\system\Database\BaseConnection.php(605): CodeIgniter\Database\BaseConnection->simpleQuery('\r\n        UPDAT...')
#3 C:\xampp\htdocs\silvia\app\Models\Servicio_model.php(45): CodeIgniter\Database\BaseConnection->query('\r\n        UPDAT...')
#4 C:\xampp\htdocs\silvia\app\Controllers\Servicios.php(124): App\Models\Servicio_model->editarServicio('', 'Corte ni\xC3\xB1o's', '', '7.00', '1', '14')
#5 C:\xampp\htdocs\silvia\system\CodeIgniter.php(934): App\Controllers\Servicios->editarServicio()
#6 C:\xampp\htdocs\silvia\system\CodeIgniter.php(499): CodeIgniter\CodeIgniter->runController(Object(App\Controllers\Servicios))
#7 C:\xampp\htdocs\silvia\system\CodeIgniter.php(368): CodeIgniter\CodeIgniter->handleRequest(NULL, Object(Config\Cache), false)
#8 C:\xampp\htdocs\silvia\index.php(67): CodeIgniter\CodeIgniter->run()
#9 {main}
CRITICAL - 2023-01-21 06:12:46 --> You have an error in your SQL syntax; check the manual that corresponds to your MariaDB server version for the right syntax to use near 's',
        detalle = '',
        monto_sugerido = 7.00,
        
       ...' at line 2
in SYSTEMPATH\Database\BaseConnection.php on line 645.
 1 APPPATH\Models\Servicio_model.php(45): CodeIgniter\Database\BaseConnection->query('
        UPDATE servicio
        set descripcion = \'Corte niño\'s\',
        detalle = \'\',
        monto_sugerido = 7.00,
        
        usuario_modifica = 1,
        fecha_modifica = now()
        where idServicio = 14
        ')
 2 APPPATH\Controllers\Servicios.php(124): App\Models\Servicio_model->editarServicio('C:\\xampp\\htdocs\\silvia', 'Corte niño\'s', 'C:\\xampp\\htdocs\\silvia', '7.00', '1', '14')
 3 SYSTEMPATH\CodeIgniter.php(934): App\Controllers\Servicios->editarServicio()
 4 SYSTEMPATH\CodeIgniter.php(499): CodeIgniter\CodeIgniter->runController(Object(App\Controllers\Servicios))
 5 SYSTEMPATH\CodeIgniter.php(368): CodeIgniter\CodeIgniter->handleRequest(null, Object(Config\Cache), false)
 6 FCPATH\index.php(67): CodeIgniter\CodeIgniter->run()
ERROR - 2023-01-21 06:12:52 --> mysqli_sql_exception: You have an error in your SQL syntax; check the manual that corresponds to your MariaDB server version for the right syntax to use near 's',
        detalle = '',
        monto_sugerido = 7.00,
        
       ...' at line 2 in C:\xampp\htdocs\silvia\system\Database\MySQLi\Connection.php:295
Stack trace:
#0 C:\xampp\htdocs\silvia\system\Database\MySQLi\Connection.php(295): mysqli->query('\r\n        UPDAT...', 0)
#1 C:\xampp\htdocs\silvia\system\Database\BaseConnection.php(691): CodeIgniter\Database\MySQLi\Connection->execute('\r\n        UPDAT...')
#2 C:\xampp\htdocs\silvia\system\Database\BaseConnection.php(605): CodeIgniter\Database\BaseConnection->simpleQuery('\r\n        UPDAT...')
#3 C:\xampp\htdocs\silvia\app\Models\Servicio_model.php(45): CodeIgniter\Database\BaseConnection->query('\r\n        UPDAT...')
#4 C:\xampp\htdocs\silvia\app\Controllers\Servicios.php(124): App\Models\Servicio_model->editarServicio('', 'Corte ni\xC3\xB1o's', '', '7.00', '1', '14')
#5 C:\xampp\htdocs\silvia\system\CodeIgniter.php(934): App\Controllers\Servicios->editarServicio()
#6 C:\xampp\htdocs\silvia\system\CodeIgniter.php(499): CodeIgniter\CodeIgniter->runController(Object(App\Controllers\Servicios))
#7 C:\xampp\htdocs\silvia\system\CodeIgniter.php(368): CodeIgniter\CodeIgniter->handleRequest(NULL, Object(Config\Cache), false)
#8 C:\xampp\htdocs\silvia\index.php(67): CodeIgniter\CodeIgniter->run()
#9 {main}
CRITICAL - 2023-01-21 06:12:52 --> You have an error in your SQL syntax; check the manual that corresponds to your MariaDB server version for the right syntax to use near 's',
        detalle = '',
        monto_sugerido = 7.00,
        
       ...' at line 2
in SYSTEMPATH\Database\BaseConnection.php on line 645.
 1 APPPATH\Models\Servicio_model.php(45): CodeIgniter\Database\BaseConnection->query('
        UPDATE servicio
        set descripcion = \'Corte niño\'s\',
        detalle = \'\',
        monto_sugerido = 7.00,
        
        usuario_modifica = 1,
        fecha_modifica = now()
        where idServicio = 14
        ')
 2 APPPATH\Controllers\Servicios.php(124): App\Models\Servicio_model->editarServicio('C:\\xampp\\htdocs\\silvia', 'Corte niño\'s', 'C:\\xampp\\htdocs\\silvia', '7.00', '1', '14')
 3 SYSTEMPATH\CodeIgniter.php(934): App\Controllers\Servicios->editarServicio()
 4 SYSTEMPATH\CodeIgniter.php(499): CodeIgniter\CodeIgniter->runController(Object(App\Controllers\Servicios))
 5 SYSTEMPATH\CodeIgniter.php(368): CodeIgniter\CodeIgniter->handleRequest(null, Object(Config\Cache), false)
 6 FCPATH\index.php(67): CodeIgniter\CodeIgniter->run()
ERROR - 2023-01-21 06:17:43 --> mysqli_sql_exception: You have an error in your SQL syntax; check the manual that corresponds to your MariaDB server version for the right syntax to use near 'Corte niño\'s'',
        detalle = '',
        monto_sugerido = 7.00,
   ...' at line 2 in C:\xampp\htdocs\silvia\system\Database\MySQLi\Connection.php:295
Stack trace:
#0 C:\xampp\htdocs\silvia\system\Database\MySQLi\Connection.php(295): mysqli->query('\r\n        UPDAT...', 0)
#1 C:\xampp\htdocs\silvia\system\Database\BaseConnection.php(691): CodeIgniter\Database\MySQLi\Connection->execute('\r\n        UPDAT...')
#2 C:\xampp\htdocs\silvia\system\Database\BaseConnection.php(605): CodeIgniter\Database\BaseConnection->simpleQuery('\r\n        UPDAT...')
#3 C:\xampp\htdocs\silvia\app\Models\Servicio_model.php(45): CodeIgniter\Database\BaseConnection->query('\r\n        UPDAT...')
#4 C:\xampp\htdocs\silvia\app\Controllers\Servicios.php(124): App\Models\Servicio_model->editarServicio('', 'Corte ni\xC3\xB1o's', '', '7.00', '1', '14')
#5 C:\xampp\htdocs\silvia\system\CodeIgniter.php(934): App\Controllers\Servicios->editarServicio()
#6 C:\xampp\htdocs\silvia\system\CodeIgniter.php(499): CodeIgniter\CodeIgniter->runController(Object(App\Controllers\Servicios))
#7 C:\xampp\htdocs\silvia\system\CodeIgniter.php(368): CodeIgniter\CodeIgniter->handleRequest(NULL, Object(Config\Cache), false)
#8 C:\xampp\htdocs\silvia\index.php(67): CodeIgniter\CodeIgniter->run()
#9 {main}
CRITICAL - 2023-01-21 06:17:43 --> You have an error in your SQL syntax; check the manual that corresponds to your MariaDB server version for the right syntax to use near 'Corte niño\'s'',
        detalle = '',
        monto_sugerido = 7.00,
   ...' at line 2
in SYSTEMPATH\Database\BaseConnection.php on line 645.
 1 APPPATH\Models\Servicio_model.php(45): CodeIgniter\Database\BaseConnection->query('
        UPDATE servicio
        set descripcion = \'\'Corte niño\\\'s\'\',
        detalle = \'\',
        monto_sugerido = 7.00,
        
        usuario_modifica = 1,
        fecha_modifica = now()
        where idServicio = 14
        ')
 2 APPPATH\Controllers\Servicios.php(124): App\Models\Servicio_model->editarServicio('C:\\xampp\\htdocs\\silvia', 'Corte niño\'s', 'C:\\xampp\\htdocs\\silvia', '7.00', '1', '14')
 3 SYSTEMPATH\CodeIgniter.php(934): App\Controllers\Servicios->editarServicio()
 4 SYSTEMPATH\CodeIgniter.php(499): CodeIgniter\CodeIgniter->runController(Object(App\Controllers\Servicios))
 5 SYSTEMPATH\CodeIgniter.php(368): CodeIgniter\CodeIgniter->handleRequest(null, Object(Config\Cache), false)
 6 FCPATH\index.php(67): CodeIgniter\CodeIgniter->run()
ERROR - 2023-01-21 06:20:03 --> mysqli_sql_exception: You have an error in your SQL syntax; check the manual that corresponds to your MariaDB server version for the right syntax to use near 'Corte niño\'s'',
        detalle = '',
        monto_sugerido = 7.00,
   ...' at line 2 in C:\xampp\htdocs\silvia\system\Database\MySQLi\Connection.php:295
Stack trace:
#0 C:\xampp\htdocs\silvia\system\Database\MySQLi\Connection.php(295): mysqli->query('\r\n        UPDAT...', 0)
#1 C:\xampp\htdocs\silvia\system\Database\BaseConnection.php(691): CodeIgniter\Database\MySQLi\Connection->execute('\r\n        UPDAT...')
#2 C:\xampp\htdocs\silvia\system\Database\BaseConnection.php(605): CodeIgniter\Database\BaseConnection->simpleQuery('\r\n        UPDAT...')
#3 C:\xampp\htdocs\silvia\app\Models\Servicio_model.php(47): CodeIgniter\Database\BaseConnection->query('\r\n        UPDAT...')
#4 C:\xampp\htdocs\silvia\app\Controllers\Servicios.php(124): App\Models\Servicio_model->editarServicio('', 'Corte ni\xC3\xB1o's', '', '7.00', '1', '14')
#5 C:\xampp\htdocs\silvia\system\CodeIgniter.php(934): App\Controllers\Servicios->editarServicio()
#6 C:\xampp\htdocs\silvia\system\CodeIgniter.php(499): CodeIgniter\CodeIgniter->runController(Object(App\Controllers\Servicios))
#7 C:\xampp\htdocs\silvia\system\CodeIgniter.php(368): CodeIgniter\CodeIgniter->handleRequest(NULL, Object(Config\Cache), false)
#8 C:\xampp\htdocs\silvia\index.php(67): CodeIgniter\CodeIgniter->run()
#9 {main}
CRITICAL - 2023-01-21 06:20:03 --> You have an error in your SQL syntax; check the manual that corresponds to your MariaDB server version for the right syntax to use near 'Corte niño\'s'',
        detalle = '',
        monto_sugerido = 7.00,
   ...' at line 2
in SYSTEMPATH\Database\BaseConnection.php on line 645.
 1 APPPATH\Models\Servicio_model.php(47): CodeIgniter\Database\BaseConnection->query('
        UPDATE servicio
        set descripcion = \'\'Corte niño\\\'s\'\',
        detalle = \'\',
        monto_sugerido = 7.00,
        
        usuario_modifica = 1,
        fecha_modifica = now()
        where idServicio = 14
        ')
 2 APPPATH\Controllers\Servicios.php(124): App\Models\Servicio_model->editarServicio('C:\\xampp\\htdocs\\silvia', 'Corte niño\'s', 'C:\\xampp\\htdocs\\silvia', '7.00', '1', '14')
 3 SYSTEMPATH\CodeIgniter.php(934): App\Controllers\Servicios->editarServicio()
 4 SYSTEMPATH\CodeIgniter.php(499): CodeIgniter\CodeIgniter->runController(Object(App\Controllers\Servicios))
 5 SYSTEMPATH\CodeIgniter.php(368): CodeIgniter\CodeIgniter->handleRequest(null, Object(Config\Cache), false)
 6 FCPATH\index.php(67): CodeIgniter\CodeIgniter->run()
ERROR - 2023-01-21 06:20:15 --> mysqli_sql_exception: You have an error in your SQL syntax; check the manual that corresponds to your MariaDB server version for the right syntax to use near 'Corte niños\'s'',
        detalle = '',
        monto_sugerido = 7.00,
  ...' at line 2 in C:\xampp\htdocs\silvia\system\Database\MySQLi\Connection.php:295
Stack trace:
#0 C:\xampp\htdocs\silvia\system\Database\MySQLi\Connection.php(295): mysqli->query('\r\n        UPDAT...', 0)
#1 C:\xampp\htdocs\silvia\system\Database\BaseConnection.php(691): CodeIgniter\Database\MySQLi\Connection->execute('\r\n        UPDAT...')
#2 C:\xampp\htdocs\silvia\system\Database\BaseConnection.php(605): CodeIgniter\Database\BaseConnection->simpleQuery('\r\n        UPDAT...')
#3 C:\xampp\htdocs\silvia\app\Models\Servicio_model.php(47): CodeIgniter\Database\BaseConnection->query('\r\n        UPDAT...')
#4 C:\xampp\htdocs\silvia\app\Controllers\Servicios.php(124): App\Models\Servicio_model->editarServicio('', 'Corte ni\xC3\xB1os's', '', '7.00', '1', '14')
#5 C:\xampp\htdocs\silvia\system\CodeIgniter.php(934): App\Controllers\Servicios->editarServicio()
#6 C:\xampp\htdocs\silvia\system\CodeIgniter.php(499): CodeIgniter\CodeIgniter->runController(Object(App\Controllers\Servicios))
#7 C:\xampp\htdocs\silvia\system\CodeIgniter.php(368): CodeIgniter\CodeIgniter->handleRequest(NULL, Object(Config\Cache), false)
#8 C:\xampp\htdocs\silvia\index.php(67): CodeIgniter\CodeIgniter->run()
#9 {main}
CRITICAL - 2023-01-21 06:20:15 --> You have an error in your SQL syntax; check the manual that corresponds to your MariaDB server version for the right syntax to use near 'Corte niños\'s'',
        detalle = '',
        monto_sugerido = 7.00,
  ...' at line 2
in SYSTEMPATH\Database\BaseConnection.php on line 645.
 1 APPPATH\Models\Servicio_model.php(47): CodeIgniter\Database\BaseConnection->query('
        UPDATE servicio
        set descripcion = \'\'Corte niños\\\'s\'\',
        detalle = \'\',
        monto_sugerido = 7.00,
        
        usuario_modifica = 1,
        fecha_modifica = now()
        where idServicio = 14
        ')
 2 APPPATH\Controllers\Servicios.php(124): App\Models\Servicio_model->editarServicio('C:\\xampp\\htdocs\\silvia', 'Corte niños\'s', 'C:\\xampp\\htdocs\\silvia', '7.00', '1', '14')
 3 SYSTEMPATH\CodeIgniter.php(934): App\Controllers\Servicios->editarServicio()
 4 SYSTEMPATH\CodeIgniter.php(499): CodeIgniter\CodeIgniter->runController(Object(App\Controllers\Servicios))
 5 SYSTEMPATH\CodeIgniter.php(368): CodeIgniter\CodeIgniter->handleRequest(null, Object(Config\Cache), false)
 6 FCPATH\index.php(67): CodeIgniter\CodeIgniter->run()
ERROR - 2023-01-21 06:22:35 --> mysqli_sql_exception: You have an error in your SQL syntax; check the manual that corresponds to your MariaDB server version for the right syntax to use near 'Corte niños\'s'',
        detalle = '',
        monto_sugerido = 7.00,
  ...' at line 2 in C:\xampp\htdocs\silvia\system\Database\MySQLi\Connection.php:295
Stack trace:
#0 C:\xampp\htdocs\silvia\system\Database\MySQLi\Connection.php(295): mysqli->query('\r\n        UPDAT...', 0)
#1 C:\xampp\htdocs\silvia\system\Database\BaseConnection.php(691): CodeIgniter\Database\MySQLi\Connection->execute('\r\n        UPDAT...')
#2 C:\xampp\htdocs\silvia\system\Database\BaseConnection.php(605): CodeIgniter\Database\BaseConnection->simpleQuery('\r\n        UPDAT...')
#3 C:\xampp\htdocs\silvia\app\Models\Servicio_model.php(47): CodeIgniter\Database\BaseConnection->query('\r\n        UPDAT...')
#4 C:\xampp\htdocs\silvia\app\Controllers\Servicios.php(124): App\Models\Servicio_model->editarServicio('', 'Corte ni\xC3\xB1os's', '', '7.00', '1', '14')
#5 C:\xampp\htdocs\silvia\system\CodeIgniter.php(934): App\Controllers\Servicios->editarServicio()
#6 C:\xampp\htdocs\silvia\system\CodeIgniter.php(499): CodeIgniter\CodeIgniter->runController(Object(App\Controllers\Servicios))
#7 C:\xampp\htdocs\silvia\system\CodeIgniter.php(368): CodeIgniter\CodeIgniter->handleRequest(NULL, Object(Config\Cache), false)
#8 C:\xampp\htdocs\silvia\index.php(67): CodeIgniter\CodeIgniter->run()
#9 {main}
CRITICAL - 2023-01-21 06:22:35 --> You have an error in your SQL syntax; check the manual that corresponds to your MariaDB server version for the right syntax to use near 'Corte niños\'s'',
        detalle = '',
        monto_sugerido = 7.00,
  ...' at line 2
in SYSTEMPATH\Database\BaseConnection.php on line 645.
 1 APPPATH\Models\Servicio_model.php(47): CodeIgniter\Database\BaseConnection->query('
        UPDATE servicio
        set descripcion = \'\'Corte niños\\\'s\'\',
        detalle = \'\',
        monto_sugerido = 7.00,
        
        usuario_modifica = 1,
        fecha_modifica = now()
        where idServicio = 14
        ')
 2 APPPATH\Controllers\Servicios.php(124): App\Models\Servicio_model->editarServicio('C:\\xampp\\htdocs\\silvia', 'Corte niños\'s', 'C:\\xampp\\htdocs\\silvia', '7.00', '1', '14')
 3 SYSTEMPATH\CodeIgniter.php(934): App\Controllers\Servicios->editarServicio()
 4 SYSTEMPATH\CodeIgniter.php(499): CodeIgniter\CodeIgniter->runController(Object(App\Controllers\Servicios))
 5 SYSTEMPATH\CodeIgniter.php(368): CodeIgniter\CodeIgniter->handleRequest(null, Object(Config\Cache), false)
 6 FCPATH\index.php(67): CodeIgniter\CodeIgniter->run()
ERROR - 2023-01-21 06:25:27 --> mysqli_sql_exception: You have an error in your SQL syntax; check the manual that corresponds to your MariaDB server version for the right syntax to use near 'Corte niños\'s'',
        detalle = '',
        monto_sugerido = 7.00,
  ...' at line 2 in C:\xampp\htdocs\silvia\system\Database\MySQLi\Connection.php:295
Stack trace:
#0 C:\xampp\htdocs\silvia\system\Database\MySQLi\Connection.php(295): mysqli->query('\r\n        UPDAT...', 0)
#1 C:\xampp\htdocs\silvia\system\Database\BaseConnection.php(691): CodeIgniter\Database\MySQLi\Connection->execute('\r\n        UPDAT...')
#2 C:\xampp\htdocs\silvia\system\Database\BaseConnection.php(605): CodeIgniter\Database\BaseConnection->simpleQuery('\r\n        UPDAT...')
#3 C:\xampp\htdocs\silvia\app\Models\Servicio_model.php(48): CodeIgniter\Database\BaseConnection->query('\r\n        UPDAT...')
#4 C:\xampp\htdocs\silvia\app\Controllers\Servicios.php(124): App\Models\Servicio_model->editarServicio('', 'Corte ni\xC3\xB1os's', '', '7.00', '1', '14')
#5 C:\xampp\htdocs\silvia\system\CodeIgniter.php(934): App\Controllers\Servicios->editarServicio()
#6 C:\xampp\htdocs\silvia\system\CodeIgniter.php(499): CodeIgniter\CodeIgniter->runController(Object(App\Controllers\Servicios))
#7 C:\xampp\htdocs\silvia\system\CodeIgniter.php(368): CodeIgniter\CodeIgniter->handleRequest(NULL, Object(Config\Cache), false)
#8 C:\xampp\htdocs\silvia\index.php(67): CodeIgniter\CodeIgniter->run()
#9 {main}
CRITICAL - 2023-01-21 06:25:27 --> You have an error in your SQL syntax; check the manual that corresponds to your MariaDB server version for the right syntax to use near 'Corte niños\'s'',
        detalle = '',
        monto_sugerido = 7.00,
  ...' at line 2
in SYSTEMPATH\Database\BaseConnection.php on line 645.
 1 APPPATH\Models\Servicio_model.php(48): CodeIgniter\Database\BaseConnection->query('
        UPDATE servicio
        set descripcion = \'\'Corte niños\\\'s\'\',
        detalle = \'\',
        monto_sugerido = 7.00,
        
        usuario_modifica = 1,
        fecha_modifica = now()
        where idServicio = 14
        ')
 2 APPPATH\Controllers\Servicios.php(124): App\Models\Servicio_model->editarServicio('C:\\xampp\\htdocs\\silvia', 'Corte niños\'s', 'C:\\xampp\\htdocs\\silvia', '7.00', '1', '14')
 3 SYSTEMPATH\CodeIgniter.php(934): App\Controllers\Servicios->editarServicio()
 4 SYSTEMPATH\CodeIgniter.php(499): CodeIgniter\CodeIgniter->runController(Object(App\Controllers\Servicios))
 5 SYSTEMPATH\CodeIgniter.php(368): CodeIgniter\CodeIgniter->handleRequest(null, Object(Config\Cache), false)
 6 FCPATH\index.php(67): CodeIgniter\CodeIgniter->run()
