INFO - 2023-01-20 17:16:21 --> Session: Class initialized using 'CodeIgniter\Session\Handlers\FileHandler' driver.
INFO - 2023-01-20 17:19:26 --> Session: Class initialized using 'CodeIgniter\Session\Handlers\FileHandler' driver.
INFO - 2023-01-20 17:20:06 --> Session: Class initialized using 'CodeIgniter\Session\Handlers\FileHandler' driver.
INFO - 2023-01-20 17:21:16 --> Session: Class initialized using 'CodeIgniter\Session\Handlers\FileHandler' driver.
INFO - 2023-01-20 17:21:46 --> Session: Class initialized using 'CodeIgniter\Session\Handlers\FileHandler' driver.
INFO - 2023-01-20 17:36:16 --> Session: Class initialized using 'CodeIgniter\Session\Handlers\FileHandler' driver.
INFO - 2023-01-20 17:36:52 --> Session: Class initialized using 'CodeIgniter\Session\Handlers\FileHandler' driver.
INFO - 2023-01-20 17:38:15 --> Session: Class initialized using 'CodeIgniter\Session\Handlers\FileHandler' driver.
INFO - 2023-01-20 17:44:13 --> Session: Class initialized using 'CodeIgniter\Session\Handlers\FileHandler' driver.
INFO - 2023-01-20 17:54:41 --> Session: Class initialized using 'CodeIgniter\Session\Handlers\FileHandler' driver.
INFO - 2023-01-20 17:54:45 --> Session: Class initialized using 'CodeIgniter\Session\Handlers\FileHandler' driver.
INFO - 2023-01-20 17:55:00 --> Session: Class initialized using 'CodeIgniter\Session\Handlers\FileHandler' driver.
INFO - 2023-01-20 17:55:42 --> Session: Class initialized using 'CodeIgniter\Session\Handlers\FileHandler' driver.
INFO - 2023-01-20 17:56:10 --> Session: Class initialized using 'CodeIgniter\Session\Handlers\FileHandler' driver.
CRITICAL - 2023-01-20 17:56:10 --> Object of class CodeIgniter\HTTP\Response could not be converted to string
in APPPATH\Controllers\Servicios.php on line 39.
 1 SYSTEMPATH\CodeIgniter.php(934): App\Controllers\Servicios->guardarServicio()
 2 SYSTEMPATH\CodeIgniter.php(499): CodeIgniter\CodeIgniter->runController(Object(App\Controllers\Servicios))
 3 SYSTEMPATH\CodeIgniter.php(368): CodeIgniter\CodeIgniter->handleRequest(null, Object(Config\Cache), false)
 4 FCPATH\index.php(67): CodeIgniter\CodeIgniter->run()
INFO - 2023-01-20 17:56:55 --> Session: Class initialized using 'CodeIgniter\Session\Handlers\FileHandler' driver.
INFO - 2023-01-20 17:57:00 --> Session: Class initialized using 'CodeIgniter\Session\Handlers\FileHandler' driver.
INFO - 2023-01-20 17:57:07 --> Session: Class initialized using 'CodeIgniter\Session\Handlers\FileHandler' driver.
INFO - 2023-01-20 17:57:27 --> Session: Class initialized using 'CodeIgniter\Session\Handlers\FileHandler' driver.
INFO - 2023-01-20 17:57:40 --> Session: Class initialized using 'CodeIgniter\Session\Handlers\FileHandler' driver.
INFO - 2023-01-20 17:58:44 --> Session: Class initialized using 'CodeIgniter\Session\Handlers\FileHandler' driver.
INFO - 2023-01-20 17:58:54 --> Session: Class initialized using 'CodeIgniter\Session\Handlers\FileHandler' driver.
INFO - 2023-01-20 18:02:11 --> Session: Class initialized using 'CodeIgniter\Session\Handlers\FileHandler' driver.
INFO - 2023-01-20 18:02:27 --> Session: Class initialized using 'CodeIgniter\Session\Handlers\FileHandler' driver.
INFO - 2023-01-20 18:02:57 --> Session: Class initialized using 'CodeIgniter\Session\Handlers\FileHandler' driver.
INFO - 2023-01-20 18:03:03 --> Session: Class initialized using 'CodeIgniter\Session\Handlers\FileHandler' driver.
INFO - 2023-01-20 18:06:21 --> Session: Class initialized using 'CodeIgniter\Session\Handlers\FileHandler' driver.
INFO - 2023-01-20 18:08:23 --> Session: Class initialized using 'CodeIgniter\Session\Handlers\FileHandler' driver.
INFO - 2023-01-20 18:08:45 --> Session: Class initialized using 'CodeIgniter\Session\Handlers\FileHandler' driver.
INFO - 2023-01-20 18:09:11 --> Session: Class initialized using 'CodeIgniter\Session\Handlers\FileHandler' driver.
CRITICAL - 2023-01-20 18:21:20 --> fopen(http://localhost/silvia/foto/index.html): Failed to open stream: HTTP wrapper does not support writeable connections
in SYSTEMPATH\HTTP\Files\UploadedFile.php on line 179.
 1 [internal function]: CodeIgniter\Debug\Exceptions->errorHandler(2, 'fopen(http://localhost/silvia/foto/index.html): Failed to open stream: HTTP wrapper does not support writeable connections', 'SYSTEMPATH\\HTTP\\Files\\UploadedFile.php', 179)
 2 SYSTEMPATH\HTTP\Files\UploadedFile.php(179): fopen('http://localhost/silvia/foto/index.html', 'x+b')
 3 SYSTEMPATH\HTTP\Files\UploadedFile.php(130): CodeIgniter\HTTP\Files\UploadedFile->setPath('http://localhost/silvia/foto/')
 4 APPPATH\Controllers\Servicios.php(49): CodeIgniter\HTTP\Files\UploadedFile->move('http://localhost/silvia/foto/', '1674238880_a7b89581ba74290d3ff1.jpg')
 5 SYSTEMPATH\CodeIgniter.php(934): App\Controllers\Servicios->guardarServicio()
 6 SYSTEMPATH\CodeIgniter.php(499): CodeIgniter\CodeIgniter->runController(Object(App\Controllers\Servicios))
 7 SYSTEMPATH\CodeIgniter.php(368): CodeIgniter\CodeIgniter->handleRequest(null, Object(Config\Cache), false)
 8 FCPATH\index.php(67): CodeIgniter\CodeIgniter->run()
CRITICAL - 2023-01-20 18:21:27 --> fopen(http://localhost/silvia/foto/index.html): Failed to open stream: HTTP wrapper does not support writeable connections
in SYSTEMPATH\HTTP\Files\UploadedFile.php on line 179.
 1 [internal function]: CodeIgniter\Debug\Exceptions->errorHandler(2, 'fopen(http://localhost/silvia/foto/index.html): Failed to open stream: HTTP wrapper does not support writeable connections', 'SYSTEMPATH\\HTTP\\Files\\UploadedFile.php', 179)
 2 SYSTEMPATH\HTTP\Files\UploadedFile.php(179): fopen('http://localhost/silvia/foto/index.html', 'x+b')
 3 SYSTEMPATH\HTTP\Files\UploadedFile.php(130): CodeIgniter\HTTP\Files\UploadedFile->setPath('http://localhost/silvia/foto/')
 4 APPPATH\Controllers\Servicios.php(49): CodeIgniter\HTTP\Files\UploadedFile->move('http://localhost/silvia/foto/', '1674238887_a0bb6d4231994a1fdb5a.jpg')
 5 SYSTEMPATH\CodeIgniter.php(934): App\Controllers\Servicios->guardarServicio()
 6 SYSTEMPATH\CodeIgniter.php(499): CodeIgniter\CodeIgniter->runController(Object(App\Controllers\Servicios))
 7 SYSTEMPATH\CodeIgniter.php(368): CodeIgniter\CodeIgniter->handleRequest(null, Object(Config\Cache), false)
 8 FCPATH\index.php(67): CodeIgniter\CodeIgniter->run()
CRITICAL - 2023-01-20 18:21:56 --> fopen(http://localhost/silvia/public/foto/index.html): Failed to open stream: HTTP wrapper does not support writeable connections
in SYSTEMPATH\HTTP\Files\UploadedFile.php on line 179.
 1 [internal function]: CodeIgniter\Debug\Exceptions->errorHandler(2, 'fopen(http://localhost/silvia/public/foto/index.html): Failed to open stream: HTTP wrapper does not support writeable connections', 'SYSTEMPATH\\HTTP\\Files\\UploadedFile.php', 179)
 2 SYSTEMPATH\HTTP\Files\UploadedFile.php(179): fopen('http://localhost/silvia/public/foto/index.html', 'x+b')
 3 SYSTEMPATH\HTTP\Files\UploadedFile.php(130): CodeIgniter\HTTP\Files\UploadedFile->setPath('http://localhost/silvia/public/foto/')
 4 APPPATH\Controllers\Servicios.php(49): CodeIgniter\HTTP\Files\UploadedFile->move('http://localhost/silvia/public/foto/', '1674238916_6303222f49a3ed3fe4e2.jpg')
 5 SYSTEMPATH\CodeIgniter.php(934): App\Controllers\Servicios->guardarServicio()
 6 SYSTEMPATH\CodeIgniter.php(499): CodeIgniter\CodeIgniter->runController(Object(App\Controllers\Servicios))
 7 SYSTEMPATH\CodeIgniter.php(368): CodeIgniter\CodeIgniter->handleRequest(null, Object(Config\Cache), false)
 8 FCPATH\index.php(67): CodeIgniter\CodeIgniter->run()
CRITICAL - 2023-01-20 18:22:16 --> fopen(http://localhost/silvia/public/foto/index.html): Failed to open stream: HTTP wrapper does not support writeable connections
in SYSTEMPATH\HTTP\Files\UploadedFile.php on line 179.
 1 [internal function]: CodeIgniter\Debug\Exceptions->errorHandler(2, 'fopen(http://localhost/silvia/public/foto/index.html): Failed to open stream: HTTP wrapper does not support writeable connections', 'SYSTEMPATH\\HTTP\\Files\\UploadedFile.php', 179)
 2 SYSTEMPATH\HTTP\Files\UploadedFile.php(179): fopen('http://localhost/silvia/public/foto/index.html', 'x+b')
 3 SYSTEMPATH\HTTP\Files\UploadedFile.php(130): CodeIgniter\HTTP\Files\UploadedFile->setPath('http://localhost/silvia/public/foto/')
 4 APPPATH\Controllers\Servicios.php(49): CodeIgniter\HTTP\Files\UploadedFile->move('http://localhost/silvia/public/foto/', '1674238936_ef3ebb1fc663856406d4.jpg')
 5 SYSTEMPATH\CodeIgniter.php(934): App\Controllers\Servicios->guardarServicio()
 6 SYSTEMPATH\CodeIgniter.php(499): CodeIgniter\CodeIgniter->runController(Object(App\Controllers\Servicios))
 7 SYSTEMPATH\CodeIgniter.php(368): CodeIgniter\CodeIgniter->handleRequest(null, Object(Config\Cache), false)
 8 FCPATH\index.php(67): CodeIgniter\CodeIgniter->run()
ERROR - 2023-01-20 18:58:14 --> mysqli_sql_exception: You have an error in your SQL syntax; check the manual that corresponds to your MariaDB server version for the right syntax to use near '25.50,C:\xampp\tmp\phpAA8B.tmp,1)' at line 2 in C:\xampp\htdocs\silvia\system\Database\MySQLi\Connection.php:295
Stack trace:
#0 C:\xampp\htdocs\silvia\system\Database\MySQLi\Connection.php(295): mysqli->query('INSERT INTO ser...', 0)
#1 C:\xampp\htdocs\silvia\system\Database\BaseConnection.php(691): CodeIgniter\Database\MySQLi\Connection->execute('INSERT INTO ser...')
#2 C:\xampp\htdocs\silvia\system\Database\BaseConnection.php(605): CodeIgniter\Database\BaseConnection->simpleQuery('INSERT INTO ser...')
#3 C:\xampp\htdocs\silvia\app\Models\Servicio_model.php(14): CodeIgniter\Database\BaseConnection->query('INSERT INTO ser...')
#4 C:\xampp\htdocs\silvia\app\Controllers\Servicios.php(55): App\Models\Servicio_model->registrarServicio(Object(CodeIgniter\HTTP\Files\UploadedFile), 'Peinado', '', '25.50', '1')
#5 C:\xampp\htdocs\silvia\system\CodeIgniter.php(934): App\Controllers\Servicios->guardarServicio()
#6 C:\xampp\htdocs\silvia\system\CodeIgniter.php(499): CodeIgniter\CodeIgniter->runController(Object(App\Controllers\Servicios))
#7 C:\xampp\htdocs\silvia\system\CodeIgniter.php(368): CodeIgniter\CodeIgniter->handleRequest(NULL, Object(Config\Cache), false)
#8 C:\xampp\htdocs\silvia\index.php(67): CodeIgniter\CodeIgniter->run()
#9 {main}
CRITICAL - 2023-01-20 18:58:14 --> You have an error in your SQL syntax; check the manual that corresponds to your MariaDB server version for the right syntax to use near '25.50,C:\xampp\tmp\phpAA8B.tmp,1)' at line 2
in SYSTEMPATH\Database\BaseConnection.php on line 645.
 1 APPPATH\Models\Servicio_model.php(14): CodeIgniter\Database\BaseConnection->query('INSERT INTO servicio(descripcion, detalle, monto_sugerido, foto,usuario_registra)
        VALUES(Peinado,,25.50,C:\\xampp\\tmp\\phpAA8B.tmp,1)')
 2 APPPATH\Controllers\Servicios.php(55): App\Models\Servicio_model->registrarServicio(Object(CodeIgniter\HTTP\Files\UploadedFile), 'Peinado', 'C:\\xampp\\htdocs\\silvia', '25.50', '1')
 3 SYSTEMPATH\CodeIgniter.php(934): App\Controllers\Servicios->guardarServicio()
 4 SYSTEMPATH\CodeIgniter.php(499): CodeIgniter\CodeIgniter->runController(Object(App\Controllers\Servicios))
 5 SYSTEMPATH\CodeIgniter.php(368): CodeIgniter\CodeIgniter->handleRequest(null, Object(Config\Cache), false)
 6 FCPATH\index.php(67): CodeIgniter\CodeIgniter->run()
CRITICAL - 2023-01-20 18:59:41 --> Call to a member function getResult() on bool
in APPPATH\Models\Servicio_model.php on line 25.
 1 APPPATH\Controllers\Servicios.php(55): App\Models\Servicio_model->registrarServicio(Object(CodeIgniter\HTTP\Files\UploadedFile), 'Peinado', 'C:\\xampp\\htdocs\\silvia', '25.50', '1')
 2 SYSTEMPATH\CodeIgniter.php(934): App\Controllers\Servicios->guardarServicio()
 3 SYSTEMPATH\CodeIgniter.php(499): CodeIgniter\CodeIgniter->runController(Object(App\Controllers\Servicios))
 4 SYSTEMPATH\CodeIgniter.php(368): CodeIgniter\CodeIgniter->handleRequest(null, Object(Config\Cache), false)
 5 FCPATH\index.php(67): CodeIgniter\CodeIgniter->run()
CRITICAL - 2023-01-20 18:59:56 --> Call to a member function getResult() on bool
in APPPATH\Models\Servicio_model.php on line 26.
 1 APPPATH\Controllers\Servicios.php(55): App\Models\Servicio_model->registrarServicio(Object(CodeIgniter\HTTP\Files\UploadedFile), 'Peinado', 'C:\\xampp\\htdocs\\silvia', '25.50', '1')
 2 SYSTEMPATH\CodeIgniter.php(934): App\Controllers\Servicios->guardarServicio()
 3 SYSTEMPATH\CodeIgniter.php(499): CodeIgniter\CodeIgniter->runController(Object(App\Controllers\Servicios))
 4 SYSTEMPATH\CodeIgniter.php(368): CodeIgniter\CodeIgniter->handleRequest(null, Object(Config\Cache), false)
 5 FCPATH\index.php(67): CodeIgniter\CodeIgniter->run()
CRITICAL - 2023-01-20 19:00:52 --> Call to a member function getResult() on bool
in APPPATH\Models\Servicio_model.php on line 26.
 1 APPPATH\Controllers\Servicios.php(55): App\Models\Servicio_model->registrarServicio('upload/servicios/1674241252_0e072d80646ee05940df.jpg', 'Peinado', 'C:\\xampp\\htdocs\\silvia', '25.50', '1')
 2 SYSTEMPATH\CodeIgniter.php(934): App\Controllers\Servicios->guardarServicio()
 3 SYSTEMPATH\CodeIgniter.php(499): CodeIgniter\CodeIgniter->runController(Object(App\Controllers\Servicios))
 4 SYSTEMPATH\CodeIgniter.php(368): CodeIgniter\CodeIgniter->handleRequest(null, Object(Config\Cache), false)
 5 FCPATH\index.php(67): CodeIgniter\CodeIgniter->run()
